<?xml version="1.0" encoding="UTF-8"?>
<!-- Generated by org.testng.reporters.JUnitReportReporter -->
<testsuite hostname="sivaguru" failures="0" tests="5" name="com.org.resturant.controller.RecipeControllerTest2" time="0.229" errors="0" timestamp="8 Aug 2022 03:50:01 GMT">
  <testcase classname="com.org.resturant.controller.RecipeControllerTest2" name="testFilter" time="0.037"/>
  <testcase classname="com.org.resturant.controller.RecipeControllerTest2" name="testDeleteReturn200" time="0.018"/>
  <testcase classname="com.org.resturant.controller.RecipeControllerTest2" name="testGetallRecipesReturn200" time="0.018"/>
  <testcase classname="com.org.resturant.controller.RecipeControllerTest2" name="testUpdateReturn200" time="0.011"/>
  <testcase classname="com.org.resturant.controller.RecipeControllerTest2" name="testCreateReturn201" time="0.145"/>
</testsuite> <!-- com.org.resturant.controller.RecipeControllerTest2 -->
