<?xml version="1.0" encoding="UTF-8"?>
<!-- Generated by org.testng.reporters.JUnitReportReporter -->
<testsuite hostname="sivaguru" failures="0" tests="5" name="com.org.resturant.controller.RecipeControllerTest" time="0.235" errors="0" timestamp="8 Aug 2022 04:56:19 GMT">
  <testcase classname="com.org.resturant.controller.RecipeControllerTest" name="testGetallRecipesReturn200" time="0.022"/>
  <testcase classname="com.org.resturant.controller.RecipeControllerTest" name="testUpdateReturn200" time="0.008"/>
  <testcase classname="com.org.resturant.controller.RecipeControllerTest" name="testDeleteReturn200" time="0.019"/>
  <testcase classname="com.org.resturant.controller.RecipeControllerTest" name="testFilter" time="0.038"/>
  <testcase classname="com.org.resturant.controller.RecipeControllerTest" name="testCreateReturn201" time="0.148"/>
</testsuite> <!-- com.org.resturant.controller.RecipeControllerTest -->
